{"numTotalTestSuites":5,"numPassedTestSuites":5,"numFailedTestSuites":0,"numPendingTestSuites":0,"numTotalTests":29,"numPassedTests":29,"numFailedTests":0,"numPendingTests":0,"numTodoTests":0,"snapshot":{"added":0,"failure":false,"filesAdded":0,"filesRemoved":0,"filesRemovedList":[],"filesUnmatched":0,"filesUpdated":0,"matched":0,"total":0,"unchecked":0,"uncheckedKeysByFile":[],"unmatched":0,"updated":0,"didUpdate":false},"startTime":1775952594137,"success":true,"testResults":[{"assertionResults":[{"ancestorTitles":["User Permissions","getAllowedRoutes"],"fullName":"User Permissions getAllowedRoutes should return empty array for admin users (meaning all routes allowed)","status":"passed","title":"should return empty array for admin users (meaning all routes allowed)","duration":1.160340000000133,"failureMessages":[],"meta":{}},{"ancestorTitles":["User Permissions","getAllowedRoutes"],"fullName":"User Permissions getAllowedRoutes should return empty array for Super Admin","status":"passed","title":"should return empty array for Super Admin","duration":0.13298499999996238,"failureMessages":[],"meta":{}},{"ancestorTitles":["User Permissions","getAllowedRoutes"],"fullName":"User Permissions getAllowedRoutes should return strictly limited routes for Rider role","status":"passed","title":"should return strictly limited routes for Rider role","duration":0.9816180000000259,"failureMessages":[],"meta":{}},{"ancestorTitles":["User Permissions","getAllowedRoutes"],"fullName":"User Permissions getAllowedRoutes should return strictly limited routes for Driver role","status":"passed","title":"should return strictly limited routes for Driver role","duration":0.4307300000000396,"failureMessages":[],"meta":{}},{"ancestorTitles":["User Permissions","getAllowedRoutes"],"fullName":"User Permissions getAllowedRoutes should allow tailored restricted permissions for Driver","status":"passed","title":"should allow tailored restricted permissions for Driver","duration":0.2054929999999331,"failureMessages":[],"meta":{}},{"ancestorTitles":["User Permissions","getAllowedRoutes"],"fullName":"User Permissions getAllowedRoutes should ignore non-allowed permission overrides for Rider","status":"passed","title":"should ignore non-allowed permission overrides for Rider","duration":0.14928299999996852,"failureMessages":[],"meta":{}},{"ancestorTitles":["User Permissions","getAllowedRoutes"],"fullName":"User Permissions getAllowedRoutes should return Baker default routes plus permission-based routes","status":"passed","title":"should return Baker default routes plus permission-based routes","duration":0.20918800000004012,"failureMessages":[],"meta":{}},{"ancestorTitles":["User Permissions","getAllowedRoutes"],"fullName":"User Permissions getAllowedRoutes should return Cashier default routes","status":"passed","title":"should return Cashier default routes","duration":0.1721500000001015,"failureMessages":[],"meta":{}},{"ancestorTitles":["User Permissions","getAllowedRoutes"],"fullName":"User Permissions getAllowedRoutes should return Sales default routes","status":"passed","title":"should return Sales default routes","duration":0.2711570000001302,"failureMessages":[],"meta":{}},{"ancestorTitles":["User Permissions","getAllowedRoutes"],"fullName":"User Permissions getAllowedRoutes should return minimal routes for Viewer role","status":"passed","title":"should return minimal routes for Viewer role","duration":0.1730649999999514,"failureMessages":[],"meta":{}},{"ancestorTitles":["User Permissions","getAllowedRoutes"],"fullName":"User Permissions getAllowedRoutes should always include /admin/account and /admin/documentation","status":"passed","title":"should always include /admin/account and /admin/documentation","duration":0.2917930000000979,"failureMessages":[],"meta":{}},{"ancestorTitles":["User Permissions","getAllowedRoutes"],"fullName":"User Permissions getAllowedRoutes should add outlet routes for outlet admin","status":"passed","title":"should add outlet routes for outlet admin","duration":0.22913900000003196,"failureMessages":[],"meta":{}},{"ancestorTitles":["User Permissions","getAllowedRoutes"],"fullName":"User Permissions getAllowedRoutes should deduplicate routes","status":"passed","title":"should deduplicate routes","duration":0.12810400000012123,"failureMessages":[],"meta":{}},{"ancestorTitles":["User Permissions","getAllowedRoutes"],"fullName":"User Permissions getAllowedRoutes should map permission \"Manage Finance\" to finance routes","status":"passed","title":"should map permission \"Manage Finance\" to finance routes","duration":0.1346840000001066,"failureMessages":[],"meta":{}},{"ancestorTitles":["User Permissions","getAllowedRoutes"],"fullName":"User Permissions getAllowedRoutes should map permission \"System Settings\" to settings routes","status":"passed","title":"should map permission \"System Settings\" to settings routes","duration":0.09573999999997795,"failureMessages":[],"meta":{}},{"ancestorTitles":["User Permissions","getAllowedRoutes"],"fullName":"User Permissions getAllowedRoutes should map permission \"Manage Recipes\" to production routes","status":"passed","title":"should map permission \"Manage Recipes\" to production routes","duration":0.17793700000015633,"failureMessages":[],"meta":{}},{"ancestorTitles":["User Permissions","getAllowedRoutes"],"fullName":"User Permissions getAllowedRoutes should map permission \"Manage Employees\" to HR routes","status":"passed","title":"should map permission \"Manage Employees\" to HR routes","duration":0.06674499999985528,"failureMessages":[],"meta":{}},{"ancestorTitles":["User Permissions","isRouteAllowed"],"fullName":"User Permissions isRouteAllowed should always return true for admin users","status":"passed","title":"should always return true for admin users","duration":0.0904680000001008,"failureMessages":[],"meta":{}},{"ancestorTitles":["User Permissions","isRouteAllowed"],"fullName":"User Permissions isRouteAllowed should return true for allowed routes","status":"passed","title":"should return true for allowed routes","duration":0.09885800000006384,"failureMessages":[],"meta":{}},{"ancestorTitles":["User Permissions","isRouteAllowed"],"fullName":"User Permissions isRouteAllowed should return true for routes covered by role defaults in Cashier","status":"passed","title":"should return true for routes covered by role defaults in Cashier","duration":0.05545899999992798,"failureMessages":[],"meta":{}},{"ancestorTitles":["User Permissions","isRouteAllowed"],"fullName":"User Permissions isRouteAllowed should return true for account page for all roles","status":"passed","title":"should return true for account page for all roles","duration":0.18938299999990704,"failureMessages":[],"meta":{}},{"ancestorTitles":["User Permissions","isRouteAllowed"],"fullName":"User Permissions isRouteAllowed should handle sub-routes (prefix matching)","status":"passed","title":"should handle sub-routes (prefix matching)","duration":0.06519800000000942,"failureMessages":[],"meta":{}},{"ancestorTitles":["User Permissions","isRouteAllowed"],"fullName":"User Permissions isRouteAllowed should allow Driver access to delivery and default routes","status":"passed","title":"should allow Driver access to delivery and default routes","duration":0.13126500000021224,"failureMessages":[],"meta":{}},{"ancestorTitles":["User Permissions","isRouteAllowed"],"fullName":"User Permissions isRouteAllowed should allow outlet admin routes when user is outlet admin","status":"passed","title":"should allow outlet admin routes when user is outlet admin","duration":0.057622999999921376,"failureMessages":[],"meta":{}},{"ancestorTitles":["User Permissions","isRouteAllowed"],"fullName":"User Permissions isRouteAllowed should deny outlet routes when user is not outlet admin","status":"passed","title":"should deny outlet routes when user is not outlet admin","duration":0.03871400000002723,"failureMessages":[],"meta":{}},{"ancestorTitles":["User Permissions","isRouteAllowed"],"fullName":"User Permissions isRouteAllowed should not treat dashboard route as wildcard access","status":"passed","title":"should not treat dashboard route as wildcard access","duration":0.06439799999998286,"failureMessages":[],"meta":{}},{"ancestorTitles":["User Permissions","matchesAllowedRoute"],"fullName":"User Permissions matchesAllowedRoute should match exact route paths","status":"passed","title":"should match exact route paths","duration":0.050372000000152184,"failureMessages":[],"meta":{}},{"ancestorTitles":["User Permissions","matchesAllowedRoute"],"fullName":"User Permissions matchesAllowedRoute should match valid sub-routes for non-dashboard modules","status":"passed","title":"should match valid sub-routes for non-dashboard modules","duration":0.035294999999905485,"failureMessages":[],"meta":{}},{"ancestorTitles":["User Permissions","matchesAllowedRoute"],"fullName":"User Permissions matchesAllowedRoute should not treat /admin as wildcard for all modules","status":"passed","title":"should not treat /admin as wildcard for all modules","duration":0.06326100000001134,"failureMessages":[],"meta":{}}],"startTime":1775952595223,"endTime":1775952595229.1895,"status":"passed","message":"","name":"/opt/build/repo/tests/user-permissions.test.ts"}]}